<?xml version="1.0" encoding="UTF-8"?>
<robot generator="Robot 3.1.2 (Python 3.8.1 on win32)" generated="20200506 14:04:44.147" rpa="false">
<suite id="s1" name="Tests" source="C:\Users\joe\PycharmProjects\WEB4-22\tests">
<suite id="s1-s1" name="TestCase-WEB4-22" source="C:\Users\joe\PycharmProjects\WEB4-22\tests\TestCase-WEB4-22.robot">
<kw name="Begin Web Test" library="keywords" type="setup">
<kw name="Open Browser" library="SeleniumLibrary">
<doc>Opens a new browser instance to the optional ``url``.</doc>
<arguments>
<arg>about:blank</arg>
<arg>${BROWSER}</arg>
</arguments>
<msg timestamp="20200506 14:04:44.523" level="INFO">Opening browser 'chrome' to base url 'about:blank'.</msg>
<status status="PASS" starttime="20200506 14:04:44.522" endtime="20200506 14:04:50.062"></status>
</kw>
<kw name="Maximize Browser Window" library="SeleniumLibrary">
<doc>Maximizes current browser window.</doc>
<status status="PASS" starttime="20200506 14:04:50.062" endtime="20200506 14:04:54.204"></status>
</kw>
<kw name="Set Selenium Speed" library="SeleniumLibrary">
<doc>Sets the delay that is waited after each Selenium command.</doc>
<arguments>
<arg>0.1</arg>
</arguments>
<status status="PASS" starttime="20200506 14:04:54.205" endtime="20200506 14:04:54.207"></status>
</kw>
<status status="PASS" starttime="20200506 14:04:44.522" endtime="20200506 14:04:54.207"></status>
</kw>
<test id="s1-s1-t1" name="User can access Webshop page">
<kw name="Go to Web Page" library="keywords">
<kw name="Load page" library="keywords">
<kw name="Go To" library="SeleniumLibrary">
<doc>Navigates the current browser window to the provided ``url``.</doc>
<arguments>
<arg>${URL}</arg>
</arguments>
<msg timestamp="20200506 14:04:54.213" level="INFO">Opening url 'https://localhost:44304/'</msg>
<status status="PASS" starttime="20200506 14:04:54.212" endtime="20200506 14:04:54.640"></status>
</kw>
<status status="PASS" starttime="20200506 14:04:54.211" endtime="20200506 14:04:54.640"></status>
</kw>
<kw name="Verify start page loaded" library="keywords">
<kw name="Get Text" library="SeleniumLibrary">
<doc>Returns the text value of the element identified by ``locator``.</doc>
<arguments>
<arg>class:navbar-brand</arg>
</arguments>
<assign>
<var>${link_text}</var>
</assign>
<msg timestamp="20200506 14:04:54.879" level="INFO">${link_text} = Webshop</msg>
<status status="PASS" starttime="20200506 14:04:54.641" endtime="20200506 14:04:54.879"></status>
</kw>
<kw name="Should Be Equal" library="BuiltIn">
<doc>Fails if the given objects are unequal.</doc>
<arguments>
<arg>${link_text}</arg>
<arg>Webshop</arg>
</arguments>
<status status="PASS" starttime="20200506 14:04:54.880" endtime="20200506 14:04:54.881"></status>
</kw>
<status status="PASS" starttime="20200506 14:04:54.640" endtime="20200506 14:04:54.882"></status>
</kw>
<status status="PASS" starttime="20200506 14:04:54.210" endtime="20200506 14:04:54.882"></status>
</kw>
<doc>See if page is accessable and can load correctly</doc>
<tags>
<tag>Access Webshop main page</tag>
</tags>
<status status="PASS" starttime="20200506 14:04:54.208" endtime="20200506 14:04:54.884" critical="yes"></status>
</test>
<test id="s1-s1-t2" name="User cannot create Register User account">
<kw name="Given Go to Web Page" library="keywords">
<kw name="Load page" library="keywords">
<kw name="Go To" library="SeleniumLibrary">
<doc>Navigates the current browser window to the provided ``url``.</doc>
<arguments>
<arg>${URL}</arg>
</arguments>
<msg timestamp="20200506 14:04:54.908" level="INFO">Opening url 'https://localhost:44304/'</msg>
<status status="PASS" starttime="20200506 14:04:54.908" endtime="20200506 14:04:55.149"></status>
</kw>
<status status="PASS" starttime="20200506 14:04:54.906" endtime="20200506 14:04:55.149"></status>
</kw>
<kw name="Verify start page loaded" library="keywords">
<kw name="Get Text" library="SeleniumLibrary">
<doc>Returns the text value of the element identified by ``locator``.</doc>
<arguments>
<arg>class:navbar-brand</arg>
</arguments>
<assign>
<var>${link_text}</var>
</assign>
<msg timestamp="20200506 14:04:55.378" level="INFO">${link_text} = Webshop</msg>
<status status="PASS" starttime="20200506 14:04:55.150" endtime="20200506 14:04:55.378"></status>
</kw>
<kw name="Should Be Equal" library="BuiltIn">
<doc>Fails if the given objects are unequal.</doc>
<arguments>
<arg>${link_text}</arg>
<arg>Webshop</arg>
</arguments>
<status status="PASS" starttime="20200506 14:04:55.378" endtime="20200506 14:04:55.378"></status>
</kw>
<status status="PASS" starttime="20200506 14:04:55.149" endtime="20200506 14:04:55.379"></status>
</kw>
<status status="PASS" starttime="20200506 14:04:54.904" endtime="20200506 14:04:55.379"></status>
</kw>
<kw name="When Register User account" library="keywords">
<arguments>
<arg>alfred.josephalfred@gmail.com</arg>
<arg>Joe_777</arg>
</arguments>
<kw name="Click Link" library="SeleniumLibrary">
<doc>Clicks a link identified by ``locator``.</doc>
<arguments>
<arg>xpath:/html/body/header/nav/div/div/ul/li[3]/a[2]</arg>
</arguments>
<msg timestamp="20200506 14:04:55.380" level="INFO">Clicking link 'xpath:/html/body/header/nav/div/div/ul/li[3]/a[2]'.</msg>
<status status="PASS" starttime="20200506 14:04:55.380" endtime="20200506 14:04:55.876"></status>
</kw>
<kw name="Enter FirstName" library="keywords">
<kw name="Input Text" library="SeleniumLibrary">
<doc>Types the given ``text`` into the text field identified by ``locator``.</doc>
<arguments>
<arg>id:FirstName</arg>
<arg>${first_name}</arg>
</arguments>
<msg timestamp="20200506 14:04:55.878" level="INFO">Typing text 'Joseph' into text field 'id:FirstName'.</msg>
<status status="PASS" starttime="20200506 14:04:55.877" endtime="20200506 14:04:56.389"></status>
</kw>
<status status="PASS" starttime="20200506 14:04:55.877" endtime="20200506 14:04:56.389"></status>
</kw>
<kw name="Enter LastName" library="keywords">
<kw name="Input Text" library="SeleniumLibrary">
<doc>Types the given ``text`` into the text field identified by ``locator``.</doc>
<arguments>
<arg>id:LastName</arg>
<arg>${sur_name}</arg>
</arguments>
<msg timestamp="20200506 14:04:56.390" level="INFO">Typing text 'Alfred' into text field 'id:LastName'.</msg>
<status status="PASS" starttime="20200506 14:04:56.389" endtime="20200506 14:04:56.869"></status>
</kw>
<status status="PASS" starttime="20200506 14:04:56.389" endtime="20200506 14:04:56.869"></status>
</kw>
<kw name="Enter StreetAdress" library="keywords">
<kw name="Input Text" library="SeleniumLibrary">
<doc>Types the given ``text`` into the text field identified by ``locator``.</doc>
<arguments>
<arg>id:StreetAdress</arg>
<arg>${street_adress}</arg>
</arguments>
<msg timestamp="20200506 14:04:56.871" level="INFO">Typing text '68 Värmlandsgatan 11' into text field 'id:StreetAdress'.</msg>
<status status="PASS" starttime="20200506 14:04:56.870" endtime="20200506 14:04:57.661"></status>
</kw>
<status status="PASS" starttime="20200506 14:04:56.869" endtime="20200506 14:04:57.661"></status>
</kw>
<kw name="Enter PostNumber" library="keywords">
<kw name="Input Text" library="SeleniumLibrary">
<doc>Types the given ``text`` into the text field identified by ``locator``.</doc>
<arguments>
<arg>id:PostNumber</arg>
<arg>${post_number}</arg>
</arguments>
<msg timestamp="20200506 14:04:57.663" level="INFO">Typing text '41044' into text field 'id:PostNumber'.</msg>
<status status="PASS" starttime="20200506 14:04:57.662" endtime="20200506 14:04:58.162"></status>
</kw>
<status status="PASS" starttime="20200506 14:04:57.661" endtime="20200506 14:04:58.162"></status>
</kw>
<kw name="Enter City" library="keywords">
<kw name="Input Text" library="SeleniumLibrary">
<doc>Types the given ``text`` into the text field identified by ``locator``.</doc>
<arguments>
<arg>id:City</arg>
<arg>${city}</arg>
</arguments>
<msg timestamp="20200506 14:04:58.164" level="INFO">Typing text 'Göteborg' into text field 'id:City'.</msg>
<status status="PASS" starttime="20200506 14:04:58.163" endtime="20200506 14:04:58.622"></status>
</kw>
<status status="PASS" starttime="20200506 14:04:58.162" endtime="20200506 14:04:58.622"></status>
</kw>
<kw name="Enter Country" library="keywords">
<kw name="Input Text" library="SeleniumLibrary">
<doc>Types the given ``text`` into the text field identified by ``locator``.</doc>
<arguments>
<arg>id:Country</arg>
<arg>${country}</arg>
</arguments>
<msg timestamp="20200506 14:04:58.623" level="INFO">Typing text 'Sweden' into text field 'id:Country'.</msg>
<status status="PASS" starttime="20200506 14:04:58.623" endtime="20200506 14:04:59.133"></status>
</kw>
<status status="PASS" starttime="20200506 14:04:58.622" endtime="20200506 14:04:59.133"></status>
</kw>
<kw name="Enter Password" library="keywords">
<arguments>
<arg>${password}</arg>
</arguments>
<kw name="Input Text" library="SeleniumLibrary">
<doc>Types the given ``text`` into the text field identified by ``locator``.</doc>
<arguments>
<arg>id:Password</arg>
<arg>${password}</arg>
</arguments>
<msg timestamp="20200506 14:04:59.134" level="INFO">Typing text 'Joe_777' into text field 'id:Password'.</msg>
<status status="PASS" starttime="20200506 14:04:59.133" endtime="20200506 14:04:59.611"></status>
</kw>
<status status="PASS" starttime="20200506 14:04:59.133" endtime="20200506 14:04:59.611"></status>
</kw>
<kw name="Enter Email" library="keywords">
<arguments>
<arg>${email_text}</arg>
</arguments>
<kw name="Input Text" library="SeleniumLibrary">
<doc>Types the given ``text`` into the text field identified by ``locator``.</doc>
<arguments>
<arg>id:Email</arg>
<arg>${email_text}</arg>
</arguments>
<msg timestamp="20200506 14:04:59.612" level="INFO">Typing text 'alfred.josephalfred@gmail.com' into text field 'id:Email'.</msg>
<status status="PASS" starttime="20200506 14:04:59.612" endtime="20200506 14:05:00.215"></status>
</kw>
<status status="PASS" starttime="20200506 14:04:59.611" endtime="20200506 14:05:00.215"></status>
</kw>
<kw name="Enter PhoneNumber" library="keywords">
<kw name="Input Text" library="SeleniumLibrary">
<doc>Types the given ``text`` into the text field identified by ``locator``.</doc>
<arguments>
<arg>id:PhoneNumber</arg>
<arg>${phone_number}</arg>
</arguments>
<msg timestamp="20200506 14:05:00.217" level="INFO">Typing text '0999066600' into text field 'id:PhoneNumber'.</msg>
<status status="PASS" starttime="20200506 14:05:00.217" endtime="20200506 14:05:00.743"></status>
</kw>
<status status="PASS" starttime="20200506 14:05:00.216" endtime="20200506 14:05:00.743"></status>
</kw>
<kw name="Click Button" library="SeleniumLibrary">
<doc>Clicks the button identified by ``locator``.</doc>
<arguments>
<arg>xpath:/html/body/div/main/div/div/form/div[10]/input</arg>
</arguments>
<msg timestamp="20200506 14:05:00.744" level="INFO">Clicking button 'xpath:/html/body/div/main/div/div/form/div[10]/input'.</msg>
<status status="PASS" starttime="20200506 14:05:00.744" endtime="20200506 14:05:01.272"></status>
</kw>
<status status="PASS" starttime="20200506 14:04:55.379" endtime="20200506 14:05:01.272"></status>
</kw>
<kw name="Then Verify Email Taken" library="keywords">
<kw name="Get Text" library="SeleniumLibrary">
<doc>Returns the text value of the element identified by ``locator``.</doc>
<arguments>
<arg>xpath:/html/body/div/main/div/div/form/div[1]/ul/li[2]</arg>
</arguments>
<assign>
<var>${link_text}</var>
</assign>
<msg timestamp="20200506 14:05:01.531" level="INFO">${link_text} = Email 'alfred.josephalfred@gmail.com' is already taken.</msg>
<status status="PASS" starttime="20200506 14:05:01.273" endtime="20200506 14:05:01.531"></status>
</kw>
<kw name="Should Be Equal" library="BuiltIn">
<doc>Fails if the given objects are unequal.</doc>
<arguments>
<arg>${link_text}</arg>
<arg>Email 'alfred.josephalfred@gmail.com' is already taken.</arg>
</arguments>
<status status="PASS" starttime="20200506 14:05:01.531" endtime="20200506 14:05:01.532"></status>
</kw>
<status status="PASS" starttime="20200506 14:05:01.272" endtime="20200506 14:05:01.532"></status>
</kw>
<doc>Test: The user should be able to switch to Register page from the header menu to create account</doc>
<tags>
<tag>Registeration but wouldn't be able to recreate a new User with same E-mail.</tag>
</tags>
<status status="PASS" starttime="20200506 14:04:54.899" endtime="20200506 14:05:01.533" critical="yes"></status>
</test>
<test id="s1-s1-t3" name="User can Log in">
<kw name="Verify Log in" library="keywords">
<kw name="Click Link" library="SeleniumLibrary">
<doc>Clicks a link identified by ``locator``.</doc>
<arguments>
<arg>xpath:/html/body/header/nav/div/div/ul/li[3]/a[1]</arg>
</arguments>
<msg timestamp="20200506 14:05:01.538" level="INFO">Clicking link 'xpath:/html/body/header/nav/div/div/ul/li[3]/a[1]'.</msg>
<status status="PASS" starttime="20200506 14:05:01.537" endtime="20200506 14:05:02.015"></status>
</kw>
<kw name="Input Text" library="SeleniumLibrary">
<doc>Types the given ``text`` into the text field identified by ``locator``.</doc>
<arguments>
<arg>id:Email</arg>
<arg>alfred.josephalfred@gmail.com</arg>
</arguments>
<msg timestamp="20200506 14:05:02.015" level="INFO">Typing text 'alfred.josephalfred@gmail.com' into text field 'id:Email'.</msg>
<status status="PASS" starttime="20200506 14:05:02.015" endtime="20200506 14:05:02.656"></status>
</kw>
<kw name="Input Text" library="SeleniumLibrary">
<doc>Types the given ``text`` into the text field identified by ``locator``.</doc>
<arguments>
<arg>id:Password</arg>
<arg>Joe_777</arg>
</arguments>
<msg timestamp="20200506 14:05:02.656" level="INFO">Typing text 'Joe_777' into text field 'id:Password'.</msg>
<status status="PASS" starttime="20200506 14:05:02.656" endtime="20200506 14:05:03.166"></status>
</kw>
<kw name="Click Button" library="SeleniumLibrary">
<doc>Clicks the button identified by ``locator``.</doc>
<arguments>
<arg>xpath:/html/body/div/main/div[2]/div/form/div[3]/input</arg>
</arguments>
<msg timestamp="20200506 14:05:03.167" level="INFO">Clicking button 'xpath:/html/body/div/main/div[2]/div/form/div[3]/input'.</msg>
<status status="PASS" starttime="20200506 14:05:03.166" endtime="20200506 14:05:03.948"></status>
</kw>
<kw name="Get Text" library="SeleniumLibrary">
<doc>Returns the text value of the element identified by ``locator``.</doc>
<arguments>
<arg>xpath:/html/body/header/nav/div/div/ul/li[3]/a</arg>
</arguments>
<assign>
<var>${link_text}</var>
</assign>
<msg timestamp="20200506 14:05:04.204" level="INFO">${link_text} = Logout</msg>
<status status="PASS" starttime="20200506 14:05:03.948" endtime="20200506 14:05:04.204"></status>
</kw>
<kw name="Should Be Equal" library="BuiltIn">
<doc>Fails if the given objects are unequal.</doc>
<arguments>
<arg>${link_text}</arg>
<arg>Logout</arg>
<arg>//it should be "Logout" as verification but it's not accepting it</arg>
</arguments>
<status status="PASS" starttime="20200506 14:05:04.204" endtime="20200506 14:05:04.205"></status>
</kw>
<status status="PASS" starttime="20200506 14:05:01.537" endtime="20200506 14:05:04.205"></status>
</kw>
<doc>Test: The user should be able to Log in after being registered</doc>
<tags>
<tag>Log in to User account</tag>
</tags>
<status status="PASS" starttime="20200506 14:05:01.535" endtime="20200506 14:05:04.206" critical="yes"></status>
</test>
<test id="s1-s1-t4" name="User can not Log in">
<kw name="Invalid Log in" library="keywords">
<kw name="Click Link" library="SeleniumLibrary">
<doc>Clicks a link identified by ``locator``.</doc>
<arguments>
<arg>xpath:/html/body/header/nav/div/div/ul/li[3]/a</arg>
</arguments>
<msg timestamp="20200506 14:05:04.213" level="INFO">Clicking link 'xpath:/html/body/header/nav/div/div/ul/li[3]/a'.</msg>
<status status="PASS" starttime="20200506 14:05:04.212" endtime="20200506 14:05:04.733"></status>
</kw>
<kw name="Click Link" library="SeleniumLibrary">
<doc>Clicks a link identified by ``locator``.</doc>
<arguments>
<arg>xpath:/html/body/header/nav/div/div/ul/li[3]/a[1]</arg>
</arguments>
<msg timestamp="20200506 14:05:04.734" level="INFO">Clicking link 'xpath:/html/body/header/nav/div/div/ul/li[3]/a[1]'.</msg>
<status status="PASS" starttime="20200506 14:05:04.733" endtime="20200506 14:05:05.230"></status>
</kw>
<kw name="Input Text" library="SeleniumLibrary">
<doc>Types the given ``text`` into the text field identified by ``locator``.</doc>
<arguments>
<arg>id:Email</arg>
<arg>alfred.josephalfreddd@gmail.com</arg>
</arguments>
<msg timestamp="20200506 14:05:05.230" level="INFO">Typing text 'alfred.josephalfreddd@gmail.com' into text field 'id:Email'.</msg>
<status status="PASS" starttime="20200506 14:05:05.230" endtime="20200506 14:05:05.843"></status>
</kw>
<kw name="Input Text" library="SeleniumLibrary">
<doc>Types the given ``text`` into the text field identified by ``locator``.</doc>
<arguments>
<arg>id:Password</arg>
<arg>Joe_777</arg>
</arguments>
<msg timestamp="20200506 14:05:05.845" level="INFO">Typing text 'Joe_777' into text field 'id:Password'.</msg>
<status status="PASS" starttime="20200506 14:05:05.844" endtime="20200506 14:05:06.381"></status>
</kw>
<kw name="Click Button" library="SeleniumLibrary">
<doc>Clicks the button identified by ``locator``.</doc>
<arguments>
<arg>xpath:/html/body/div/main/div[2]/div/form/div[3]/input</arg>
</arguments>
<msg timestamp="20200506 14:05:06.382" level="INFO">Clicking button 'xpath:/html/body/div/main/div[2]/div/form/div[3]/input'.</msg>
<status status="PASS" starttime="20200506 14:05:06.381" endtime="20200506 14:05:06.861"></status>
</kw>
<status status="PASS" starttime="20200506 14:05:04.212" endtime="20200506 14:05:06.861"></status>
</kw>
<kw name="Verify Invalid Log in" library="keywords">
<kw name="Wait Until Page Contains" library="SeleniumLibrary">
<doc>Waits until ``text`` appears on the current page.</doc>
<arguments>
<arg>Invalid Login Attempt</arg>
</arguments>
<status status="PASS" starttime="20200506 14:05:06.862" endtime="20200506 14:05:06.988"></status>
</kw>
<status status="PASS" starttime="20200506 14:05:06.862" endtime="20200506 14:05:06.989"></status>
</kw>
<doc>Test: The user should not be able to Log in</doc>
<tags>
<tag>Log in fail to User account</tag>
</tags>
<status status="PASS" starttime="20200506 14:05:04.209" endtime="20200506 14:05:06.991" critical="yes"></status>
</test>
<kw name="End Web Test" library="keywords" type="teardown">
<kw name="Close Browser" library="SeleniumLibrary">
<doc>Closes the current browser.</doc>
<status status="PASS" starttime="20200506 14:05:06.999" endtime="20200506 14:05:09.317"></status>
</kw>
<status status="PASS" starttime="20200506 14:05:06.998" endtime="20200506 14:05:09.317"></status>
</kw>
<doc>This is some basic info about the whole test suite</doc>
<status status="PASS" starttime="20200506 14:04:44.187" endtime="20200506 14:05:09.317"></status>
</suite>
<status status="PASS" starttime="20200506 14:04:44.150" endtime="20200506 14:05:09.327"></status>
</suite>
<statistics>
<total>
<stat pass="4" fail="0">Critical Tests</stat>
<stat pass="4" fail="0">All Tests</stat>
</total>
<tag>
<stat pass="1" fail="0">Access Webshop main page</stat>
<stat pass="1" fail="0">Log in fail to User account</stat>
<stat pass="1" fail="0">Log in to User account</stat>
<stat pass="1" fail="0">Registeration but wouldn't be able to recreate a new User with same E-mail.</stat>
</tag>
<suite>
<stat pass="4" fail="0" id="s1" name="Tests">Tests</stat>
<stat pass="4" fail="0" id="s1-s1" name="TestCase-WEB4-22">Tests.TestCase-WEB4-22</stat>
</suite>
</statistics>
<errors>
</errors>
</robot>
